Linked: (/home/nvidia/workspace/LARC-2023/catkin_larc/devel/.private/vision/include/vision/objectDetection.h, /home/nvidia/workspace/LARC-2023/catkin_larc/devel/include/vision/objectDetection.h)
Linked: (/home/nvidia/workspace/LARC-2023/catkin_larc/devel/.private/vision/include/vision/objectDetectionArray.h, /home/nvidia/workspace/LARC-2023/catkin_larc/devel/include/vision/objectDetectionArray.h)
Linked: (/home/nvidia/workspace/LARC-2023/catkin_larc/devel/.private/vision/share/gennodejs/ros/vision/_index.js, /home/nvidia/workspace/LARC-2023/catkin_larc/devel/share/gennodejs/ros/vision/_index.js)
Linked: (/home/nvidia/workspace/LARC-2023/catkin_larc/devel/.private/vision/share/gennodejs/ros/vision/msg/objectDetection.js, /home/nvidia/workspace/LARC-2023/catkin_larc/devel/share/gennodejs/ros/vision/msg/objectDetection.js)
Linked: (/home/nvidia/workspace/LARC-2023/catkin_larc/devel/.private/vision/share/gennodejs/ros/vision/msg/objectDetectionArray.js, /home/nvidia/workspace/LARC-2023/catkin_larc/devel/share/gennodejs/ros/vision/msg/objectDetectionArray.js)
Linked: (/home/nvidia/workspace/LARC-2023/catkin_larc/devel/.private/vision/share/gennodejs/ros/vision/msg/_index.js, /home/nvidia/workspace/LARC-2023/catkin_larc/devel/share/gennodejs/ros/vision/msg/_index.js)
Linked: (/home/nvidia/workspace/LARC-2023/catkin_larc/devel/.private/vision/share/roseus/ros/vision/manifest.l, /home/nvidia/workspace/LARC-2023/catkin_larc/devel/share/roseus/ros/vision/manifest.l)
Linked: (/home/nvidia/workspace/LARC-2023/catkin_larc/devel/.private/vision/share/roseus/ros/vision/msg/objectDetectionArray.l, /home/nvidia/workspace/LARC-2023/catkin_larc/devel/share/roseus/ros/vision/msg/objectDetectionArray.l)
Linked: (/home/nvidia/workspace/LARC-2023/catkin_larc/devel/.private/vision/share/roseus/ros/vision/msg/objectDetection.l, /home/nvidia/workspace/LARC-2023/catkin_larc/devel/share/roseus/ros/vision/msg/objectDetection.l)
Linked: (/home/nvidia/workspace/LARC-2023/catkin_larc/devel/.private/vision/share/vision/cmake/vision-msg-extras.cmake, /home/nvidia/workspace/LARC-2023/catkin_larc/devel/share/vision/cmake/vision-msg-extras.cmake)
Linked: (/home/nvidia/workspace/LARC-2023/catkin_larc/devel/.private/vision/share/vision/cmake/vision-msg-paths.cmake, /home/nvidia/workspace/LARC-2023/catkin_larc/devel/share/vision/cmake/vision-msg-paths.cmake)
Linked: (/home/nvidia/workspace/LARC-2023/catkin_larc/devel/.private/vision/share/vision/cmake/visionConfig.cmake, /home/nvidia/workspace/LARC-2023/catkin_larc/devel/share/vision/cmake/visionConfig.cmake)
Linked: (/home/nvidia/workspace/LARC-2023/catkin_larc/devel/.private/vision/share/vision/cmake/visionConfig-version.cmake, /home/nvidia/workspace/LARC-2023/catkin_larc/devel/share/vision/cmake/visionConfig-version.cmake)
Linked: (/home/nvidia/workspace/LARC-2023/catkin_larc/devel/.private/vision/share/common-lisp/ros/vision/msg/_package_objectDetectionArray.lisp, /home/nvidia/workspace/LARC-2023/catkin_larc/devel/share/common-lisp/ros/vision/msg/_package_objectDetectionArray.lisp)
Linked: (/home/nvidia/workspace/LARC-2023/catkin_larc/devel/.private/vision/share/common-lisp/ros/vision/msg/objectDetection.lisp, /home/nvidia/workspace/LARC-2023/catkin_larc/devel/share/common-lisp/ros/vision/msg/objectDetection.lisp)
Linked: (/home/nvidia/workspace/LARC-2023/catkin_larc/devel/.private/vision/share/common-lisp/ros/vision/msg/vision-msg.asd, /home/nvidia/workspace/LARC-2023/catkin_larc/devel/share/common-lisp/ros/vision/msg/vision-msg.asd)
Linked: (/home/nvidia/workspace/LARC-2023/catkin_larc/devel/.private/vision/share/common-lisp/ros/vision/msg/_package.lisp, /home/nvidia/workspace/LARC-2023/catkin_larc/devel/share/common-lisp/ros/vision/msg/_package.lisp)
Linked: (/home/nvidia/workspace/LARC-2023/catkin_larc/devel/.private/vision/share/common-lisp/ros/vision/msg/objectDetectionArray.lisp, /home/nvidia/workspace/LARC-2023/catkin_larc/devel/share/common-lisp/ros/vision/msg/objectDetectionArray.lisp)
Linked: (/home/nvidia/workspace/LARC-2023/catkin_larc/devel/.private/vision/share/common-lisp/ros/vision/msg/_package_objectDetection.lisp, /home/nvidia/workspace/LARC-2023/catkin_larc/devel/share/common-lisp/ros/vision/msg/_package_objectDetection.lisp)
Linked: (/home/nvidia/workspace/LARC-2023/catkin_larc/devel/.private/vision/lib/pkgconfig/vision.pc, /home/nvidia/workspace/LARC-2023/catkin_larc/devel/lib/pkgconfig/vision.pc)
Linked: (/home/nvidia/workspace/LARC-2023/catkin_larc/devel/.private/vision/lib/vision/detector_cubos_3D, /home/nvidia/workspace/LARC-2023/catkin_larc/devel/lib/vision/detector_cubos_3D)
Linked: (/home/nvidia/workspace/LARC-2023/catkin_larc/devel/.private/vision/lib/python3/dist-packages/vision/__init__.py, /home/nvidia/workspace/LARC-2023/catkin_larc/devel/lib/python3/dist-packages/vision/__init__.py)
Linked: (/home/nvidia/workspace/LARC-2023/catkin_larc/devel/.private/vision/lib/python3/dist-packages/vision/msg/__init__.py, /home/nvidia/workspace/LARC-2023/catkin_larc/devel/lib/python3/dist-packages/vision/msg/__init__.py)
Linked: (/home/nvidia/workspace/LARC-2023/catkin_larc/devel/.private/vision/lib/python3/dist-packages/vision/msg/_objectDetection.py, /home/nvidia/workspace/LARC-2023/catkin_larc/devel/lib/python3/dist-packages/vision/msg/_objectDetection.py)
Linked: (/home/nvidia/workspace/LARC-2023/catkin_larc/devel/.private/vision/lib/python3/dist-packages/vision/msg/_objectDetectionArray.py, /home/nvidia/workspace/LARC-2023/catkin_larc/devel/lib/python3/dist-packages/vision/msg/_objectDetectionArray.py)
