Symlinking /home/nvidia/workspace/LARC-2023/catkin_larc/devel/include/vision/objectDetection.h
Symlinking /home/nvidia/workspace/LARC-2023/catkin_larc/devel/include/vision/objectDetectionArray.h
Symlinking /home/nvidia/workspace/LARC-2023/catkin_larc/devel/share/gennodejs/ros/vision/_index.js
Symlinking /home/nvidia/workspace/LARC-2023/catkin_larc/devel/share/gennodejs/ros/vision/msg/objectDetection.js
Symlinking /home/nvidia/workspace/LARC-2023/catkin_larc/devel/share/gennodejs/ros/vision/msg/objectDetectionArray.js
Symlinking /home/nvidia/workspace/LARC-2023/catkin_larc/devel/share/gennodejs/ros/vision/msg/_index.js
Symlinking /home/nvidia/workspace/LARC-2023/catkin_larc/devel/share/roseus/ros/vision/manifest.l
Symlinking /home/nvidia/workspace/LARC-2023/catkin_larc/devel/share/roseus/ros/vision/msg/objectDetectionArray.l
Symlinking /home/nvidia/workspace/LARC-2023/catkin_larc/devel/share/roseus/ros/vision/msg/objectDetection.l
Symlinking /home/nvidia/workspace/LARC-2023/catkin_larc/devel/share/vision/cmake/vision-msg-extras.cmake
Symlinking /home/nvidia/workspace/LARC-2023/catkin_larc/devel/share/vision/cmake/vision-msg-paths.cmake
Symlinking /home/nvidia/workspace/LARC-2023/catkin_larc/devel/share/vision/cmake/visionConfig.cmake
Symlinking /home/nvidia/workspace/LARC-2023/catkin_larc/devel/share/vision/cmake/visionConfig-version.cmake
Symlinking /home/nvidia/workspace/LARC-2023/catkin_larc/devel/share/common-lisp/ros/vision/msg/_package_objectDetectionArray.lisp
Symlinking /home/nvidia/workspace/LARC-2023/catkin_larc/devel/share/common-lisp/ros/vision/msg/objectDetection.lisp
Symlinking /home/nvidia/workspace/LARC-2023/catkin_larc/devel/share/common-lisp/ros/vision/msg/vision-msg.asd
Symlinking /home/nvidia/workspace/LARC-2023/catkin_larc/devel/share/common-lisp/ros/vision/msg/_package.lisp
Symlinking /home/nvidia/workspace/LARC-2023/catkin_larc/devel/share/common-lisp/ros/vision/msg/objectDetectionArray.lisp
Symlinking /home/nvidia/workspace/LARC-2023/catkin_larc/devel/share/common-lisp/ros/vision/msg/_package_objectDetection.lisp
Symlinking /home/nvidia/workspace/LARC-2023/catkin_larc/devel/lib/pkgconfig/vision.pc
Symlinking /home/nvidia/workspace/LARC-2023/catkin_larc/devel/lib/vision/detector_cubos_3D
Symlinking /home/nvidia/workspace/LARC-2023/catkin_larc/devel/lib/python3/dist-packages/vision/__init__.py
Symlinking /home/nvidia/workspace/LARC-2023/catkin_larc/devel/lib/python3/dist-packages/vision/msg/__init__.py
Symlinking /home/nvidia/workspace/LARC-2023/catkin_larc/devel/lib/python3/dist-packages/vision/msg/_objectDetection.py
Symlinking /home/nvidia/workspace/LARC-2023/catkin_larc/devel/lib/python3/dist-packages/vision/msg/_objectDetectionArray.py
