[35m[1mScanning dependencies of target std_msgs_generate_messages_nodejs[0m
[35m[1mScanning dependencies of target _main_engine_generate_messages_check_deps_lineSensor[0m
[35m[1mScanning dependencies of target std_msgs_generate_messages_py[0m
[35m[1mScanning dependencies of target std_msgs_generate_messages_eus[0m
[35m[1mScanning dependencies of target std_msgs_generate_messages_cpp[0m
[  0%] Built target std_msgs_generate_messages_nodejs
[35m[1mScanning dependencies of target std_msgs_generate_messages_lisp[0m
[  0%] Built target std_msgs_generate_messages_py
[  0%] Built target std_msgs_generate_messages_cpp
[  0%] Built target std_msgs_generate_messages_eus
[  0%] Built target std_msgs_generate_messages_lisp
[35m[1mScanning dependencies of target vision_generate_messages_cpp[0m
[  0%] Built target _main_engine_generate_messages_check_deps_lineSensor
[  0%] Built target vision_generate_messages_cpp
[35m[1mScanning dependencies of target main_engine_generate_messages_py[0m
[35m[1mScanning dependencies of target main_engine_generate_messages_eus[0m
[35m[1mScanning dependencies of target main_engine_generate_messages_nodejs[0m
[35m[1mScanning dependencies of target main_engine_generate_messages_cpp[0m
[35m[1mScanning dependencies of target main_engine_generate_messages_lisp[0m
[ 11%] [34m[1mGenerating Python from MSG main_engine/lineSensor[0m
[35m[1mScanning dependencies of target main_engine[0m
[ 22%] [34m[1mGenerating EusLisp code from main_engine/lineSensor.msg[0m
[ 33%] [34m[1mGenerating Lisp code from main_engine/lineSensor.msg[0m
[ 44%] [34m[1mGenerating C++ code from main_engine/lineSensor.msg[0m
[ 55%] [34m[1mGenerating Javascript code from main_engine/lineSensor.msg[0m
[ 66%] [32mBuilding CXX object CMakeFiles/main_engine.dir/src/main_engine.cpp.o[0m
[ 66%] Built target main_engine_generate_messages_lisp
[ 66%] Built target main_engine_generate_messages_nodejs
[ 77%] [34m[1mGenerating EusLisp manifest code for main_engine[0m
[ 77%] Built target main_engine_generate_messages_cpp
[ 88%] [34m[1mGenerating Python msg __init__.py for main_engine[0m
[ 88%] Built target main_engine_generate_messages_py
[ 88%] Built target main_engine_generate_messages_eus
[35m[1mScanning dependencies of target main_engine_generate_messages[0m
[ 88%] Built target main_engine_generate_messages
[100%] [32m[1mLinking CXX executable /home/nvidia/workspace/LARC-2023/catkin_larc/devel/.private/main_engine/lib/main_engine/main_engine[0m
[100%] Built target main_engine
