Linked: (/home/nvidia/workspace/LARC-2023/catkin_larc/devel/.private/zed_interfaces/include/zed_interfaces/start_remote_streamRequest.h, /home/nvidia/workspace/LARC-2023/catkin_larc/devel/include/zed_interfaces/start_remote_streamRequest.h)
Linked: (/home/nvidia/workspace/LARC-2023/catkin_larc/devel/.private/zed_interfaces/include/zed_interfaces/toggle_ledResponse.h, /home/nvidia/workspace/LARC-2023/catkin_larc/devel/include/zed_interfaces/toggle_ledResponse.h)
Linked: (/home/nvidia/workspace/LARC-2023/catkin_larc/devel/.private/zed_interfaces/include/zed_interfaces/start_3d_mapping.h, /home/nvidia/workspace/LARC-2023/catkin_larc/devel/include/zed_interfaces/start_3d_mapping.h)
Linked: (/home/nvidia/workspace/LARC-2023/catkin_larc/devel/.private/zed_interfaces/include/zed_interfaces/save_area_memory.h, /home/nvidia/workspace/LARC-2023/catkin_larc/devel/include/zed_interfaces/save_area_memory.h)
Linked: (/home/nvidia/workspace/LARC-2023/catkin_larc/devel/.private/zed_interfaces/include/zed_interfaces/stop_3d_mappingRequest.h, /home/nvidia/workspace/LARC-2023/catkin_larc/devel/include/zed_interfaces/stop_3d_mappingRequest.h)
Linked: (/home/nvidia/workspace/LARC-2023/catkin_larc/devel/.private/zed_interfaces/include/zed_interfaces/reset_odometry.h, /home/nvidia/workspace/LARC-2023/catkin_larc/devel/include/zed_interfaces/reset_odometry.h)
Linked: (/home/nvidia/workspace/LARC-2023/catkin_larc/devel/.private/zed_interfaces/include/zed_interfaces/ObjectsStamped.h, /home/nvidia/workspace/LARC-2023/catkin_larc/devel/include/zed_interfaces/ObjectsStamped.h)
Linked: (/home/nvidia/workspace/LARC-2023/catkin_larc/devel/.private/zed_interfaces/include/zed_interfaces/start_remote_streamResponse.h, /home/nvidia/workspace/LARC-2023/catkin_larc/devel/include/zed_interfaces/start_remote_streamResponse.h)
Linked: (/home/nvidia/workspace/LARC-2023/catkin_larc/devel/.private/zed_interfaces/include/zed_interfaces/set_poseRequest.h, /home/nvidia/workspace/LARC-2023/catkin_larc/devel/include/zed_interfaces/set_poseRequest.h)
Linked: (/home/nvidia/workspace/LARC-2023/catkin_larc/devel/.private/zed_interfaces/include/zed_interfaces/Keypoint2Df.h, /home/nvidia/workspace/LARC-2023/catkin_larc/devel/include/zed_interfaces/Keypoint2Df.h)
Linked: (/home/nvidia/workspace/LARC-2023/catkin_larc/devel/.private/zed_interfaces/include/zed_interfaces/toggle_led.h, /home/nvidia/workspace/LARC-2023/catkin_larc/devel/include/zed_interfaces/toggle_led.h)
Linked: (/home/nvidia/workspace/LARC-2023/catkin_larc/devel/.private/zed_interfaces/include/zed_interfaces/stop_svo_recordingResponse.h, /home/nvidia/workspace/LARC-2023/catkin_larc/devel/include/zed_interfaces/stop_svo_recordingResponse.h)
Linked: (/home/nvidia/workspace/LARC-2023/catkin_larc/devel/.private/zed_interfaces/include/zed_interfaces/reset_tracking.h, /home/nvidia/workspace/LARC-2023/catkin_larc/devel/include/zed_interfaces/reset_tracking.h)
Linked: (/home/nvidia/workspace/LARC-2023/catkin_larc/devel/.private/zed_interfaces/include/zed_interfaces/start_svo_recordingRequest.h, /home/nvidia/workspace/LARC-2023/catkin_larc/devel/include/zed_interfaces/start_svo_recordingRequest.h)
Linked: (/home/nvidia/workspace/LARC-2023/catkin_larc/devel/.private/zed_interfaces/include/zed_interfaces/reset_odometryRequest.h, /home/nvidia/workspace/LARC-2023/catkin_larc/devel/include/zed_interfaces/reset_odometryRequest.h)
Linked: (/home/nvidia/workspace/LARC-2023/catkin_larc/devel/.private/zed_interfaces/include/zed_interfaces/start_svo_recordingResponse.h, /home/nvidia/workspace/LARC-2023/catkin_larc/devel/include/zed_interfaces/start_svo_recordingResponse.h)
Linked: (/home/nvidia/workspace/LARC-2023/catkin_larc/devel/.private/zed_interfaces/include/zed_interfaces/save_area_memoryRequest.h, /home/nvidia/workspace/LARC-2023/catkin_larc/devel/include/zed_interfaces/save_area_memoryRequest.h)
Linked: (/home/nvidia/workspace/LARC-2023/catkin_larc/devel/.private/zed_interfaces/include/zed_interfaces/BoundingBox2Df.h, /home/nvidia/workspace/LARC-2023/catkin_larc/devel/include/zed_interfaces/BoundingBox2Df.h)
Linked: (/home/nvidia/workspace/LARC-2023/catkin_larc/devel/.private/zed_interfaces/include/zed_interfaces/toggle_ledRequest.h, /home/nvidia/workspace/LARC-2023/catkin_larc/devel/include/zed_interfaces/toggle_ledRequest.h)
Linked: (/home/nvidia/workspace/LARC-2023/catkin_larc/devel/.private/zed_interfaces/include/zed_interfaces/reset_trackingRequest.h, /home/nvidia/workspace/LARC-2023/catkin_larc/devel/include/zed_interfaces/reset_trackingRequest.h)
Linked: (/home/nvidia/workspace/LARC-2023/catkin_larc/devel/.private/zed_interfaces/include/zed_interfaces/save_3d_map.h, /home/nvidia/workspace/LARC-2023/catkin_larc/devel/include/zed_interfaces/save_3d_map.h)
Linked: (/home/nvidia/workspace/LARC-2023/catkin_larc/devel/.private/zed_interfaces/include/zed_interfaces/stop_remote_streamResponse.h, /home/nvidia/workspace/LARC-2023/catkin_larc/devel/include/zed_interfaces/stop_remote_streamResponse.h)
Linked: (/home/nvidia/workspace/LARC-2023/catkin_larc/devel/.private/zed_interfaces/include/zed_interfaces/stop_remote_stream.h, /home/nvidia/workspace/LARC-2023/catkin_larc/devel/include/zed_interfaces/stop_remote_stream.h)
Linked: (/home/nvidia/workspace/LARC-2023/catkin_larc/devel/.private/zed_interfaces/include/zed_interfaces/BoundingBox3D.h, /home/nvidia/workspace/LARC-2023/catkin_larc/devel/include/zed_interfaces/BoundingBox3D.h)
Linked: (/home/nvidia/workspace/LARC-2023/catkin_larc/devel/.private/zed_interfaces/include/zed_interfaces/Keypoint3D.h, /home/nvidia/workspace/LARC-2023/catkin_larc/devel/include/zed_interfaces/Keypoint3D.h)
Linked: (/home/nvidia/workspace/LARC-2023/catkin_larc/devel/.private/zed_interfaces/include/zed_interfaces/Skeleton3D.h, /home/nvidia/workspace/LARC-2023/catkin_larc/devel/include/zed_interfaces/Skeleton3D.h)
Linked: (/home/nvidia/workspace/LARC-2023/catkin_larc/devel/.private/zed_interfaces/include/zed_interfaces/save_3d_mapRequest.h, /home/nvidia/workspace/LARC-2023/catkin_larc/devel/include/zed_interfaces/save_3d_mapRequest.h)
Linked: (/home/nvidia/workspace/LARC-2023/catkin_larc/devel/.private/zed_interfaces/include/zed_interfaces/set_led_statusResponse.h, /home/nvidia/workspace/LARC-2023/catkin_larc/devel/include/zed_interfaces/set_led_statusResponse.h)
Linked: (/home/nvidia/workspace/LARC-2023/catkin_larc/devel/.private/zed_interfaces/include/zed_interfaces/stop_object_detectionResponse.h, /home/nvidia/workspace/LARC-2023/catkin_larc/devel/include/zed_interfaces/stop_object_detectionResponse.h)
Linked: (/home/nvidia/workspace/LARC-2023/catkin_larc/devel/.private/zed_interfaces/include/zed_interfaces/save_3d_mapResponse.h, /home/nvidia/workspace/LARC-2023/catkin_larc/devel/include/zed_interfaces/save_3d_mapResponse.h)
Linked: (/home/nvidia/workspace/LARC-2023/catkin_larc/devel/.private/zed_interfaces/include/zed_interfaces/save_area_memoryResponse.h, /home/nvidia/workspace/LARC-2023/catkin_larc/devel/include/zed_interfaces/save_area_memoryResponse.h)
Linked: (/home/nvidia/workspace/LARC-2023/catkin_larc/devel/.private/zed_interfaces/include/zed_interfaces/start_object_detectionRequest.h, /home/nvidia/workspace/LARC-2023/catkin_larc/devel/include/zed_interfaces/start_object_detectionRequest.h)
Linked: (/home/nvidia/workspace/LARC-2023/catkin_larc/devel/.private/zed_interfaces/include/zed_interfaces/stop_remote_streamRequest.h, /home/nvidia/workspace/LARC-2023/catkin_larc/devel/include/zed_interfaces/stop_remote_streamRequest.h)
Linked: (/home/nvidia/workspace/LARC-2023/catkin_larc/devel/.private/zed_interfaces/include/zed_interfaces/start_object_detection.h, /home/nvidia/workspace/LARC-2023/catkin_larc/devel/include/zed_interfaces/start_object_detection.h)
Linked: (/home/nvidia/workspace/LARC-2023/catkin_larc/devel/.private/zed_interfaces/include/zed_interfaces/stop_svo_recordingRequest.h, /home/nvidia/workspace/LARC-2023/catkin_larc/devel/include/zed_interfaces/stop_svo_recordingRequest.h)
Linked: (/home/nvidia/workspace/LARC-2023/catkin_larc/devel/.private/zed_interfaces/include/zed_interfaces/PlaneStamped.h, /home/nvidia/workspace/LARC-2023/catkin_larc/devel/include/zed_interfaces/PlaneStamped.h)
Linked: (/home/nvidia/workspace/LARC-2023/catkin_larc/devel/.private/zed_interfaces/include/zed_interfaces/reset_odometryResponse.h, /home/nvidia/workspace/LARC-2023/catkin_larc/devel/include/zed_interfaces/reset_odometryResponse.h)
Linked: (/home/nvidia/workspace/LARC-2023/catkin_larc/devel/.private/zed_interfaces/include/zed_interfaces/start_3d_mappingResponse.h, /home/nvidia/workspace/LARC-2023/catkin_larc/devel/include/zed_interfaces/start_3d_mappingResponse.h)
Linked: (/home/nvidia/workspace/LARC-2023/catkin_larc/devel/.private/zed_interfaces/include/zed_interfaces/stop_3d_mappingResponse.h, /home/nvidia/workspace/LARC-2023/catkin_larc/devel/include/zed_interfaces/stop_3d_mappingResponse.h)
Linked: (/home/nvidia/workspace/LARC-2023/catkin_larc/devel/.private/zed_interfaces/include/zed_interfaces/set_led_statusRequest.h, /home/nvidia/workspace/LARC-2023/catkin_larc/devel/include/zed_interfaces/set_led_statusRequest.h)
Linked: (/home/nvidia/workspace/LARC-2023/catkin_larc/devel/.private/zed_interfaces/include/zed_interfaces/stop_3d_mapping.h, /home/nvidia/workspace/LARC-2023/catkin_larc/devel/include/zed_interfaces/stop_3d_mapping.h)
Linked: (/home/nvidia/workspace/LARC-2023/catkin_larc/devel/.private/zed_interfaces/include/zed_interfaces/set_pose.h, /home/nvidia/workspace/LARC-2023/catkin_larc/devel/include/zed_interfaces/set_pose.h)
Linked: (/home/nvidia/workspace/LARC-2023/catkin_larc/devel/.private/zed_interfaces/include/zed_interfaces/Keypoint2Di.h, /home/nvidia/workspace/LARC-2023/catkin_larc/devel/include/zed_interfaces/Keypoint2Di.h)
Linked: (/home/nvidia/workspace/LARC-2023/catkin_larc/devel/.private/zed_interfaces/include/zed_interfaces/set_poseResponse.h, /home/nvidia/workspace/LARC-2023/catkin_larc/devel/include/zed_interfaces/set_poseResponse.h)
Linked: (/home/nvidia/workspace/LARC-2023/catkin_larc/devel/.private/zed_interfaces/include/zed_interfaces/start_object_detectionResponse.h, /home/nvidia/workspace/LARC-2023/catkin_larc/devel/include/zed_interfaces/start_object_detectionResponse.h)
Linked: (/home/nvidia/workspace/LARC-2023/catkin_larc/devel/.private/zed_interfaces/include/zed_interfaces/start_remote_stream.h, /home/nvidia/workspace/LARC-2023/catkin_larc/devel/include/zed_interfaces/start_remote_stream.h)
Linked: (/home/nvidia/workspace/LARC-2023/catkin_larc/devel/.private/zed_interfaces/include/zed_interfaces/start_svo_recording.h, /home/nvidia/workspace/LARC-2023/catkin_larc/devel/include/zed_interfaces/start_svo_recording.h)
Linked: (/home/nvidia/workspace/LARC-2023/catkin_larc/devel/.private/zed_interfaces/include/zed_interfaces/set_led_status.h, /home/nvidia/workspace/LARC-2023/catkin_larc/devel/include/zed_interfaces/set_led_status.h)
Linked: (/home/nvidia/workspace/LARC-2023/catkin_larc/devel/.private/zed_interfaces/include/zed_interfaces/Object.h, /home/nvidia/workspace/LARC-2023/catkin_larc/devel/include/zed_interfaces/Object.h)
Linked: (/home/nvidia/workspace/LARC-2023/catkin_larc/devel/.private/zed_interfaces/include/zed_interfaces/stop_object_detectionRequest.h, /home/nvidia/workspace/LARC-2023/catkin_larc/devel/include/zed_interfaces/stop_object_detectionRequest.h)
Linked: (/home/nvidia/workspace/LARC-2023/catkin_larc/devel/.private/zed_interfaces/include/zed_interfaces/BoundingBox2Di.h, /home/nvidia/workspace/LARC-2023/catkin_larc/devel/include/zed_interfaces/BoundingBox2Di.h)
Linked: (/home/nvidia/workspace/LARC-2023/catkin_larc/devel/.private/zed_interfaces/include/zed_interfaces/start_3d_mappingRequest.h, /home/nvidia/workspace/LARC-2023/catkin_larc/devel/include/zed_interfaces/start_3d_mappingRequest.h)
Linked: (/home/nvidia/workspace/LARC-2023/catkin_larc/devel/.private/zed_interfaces/include/zed_interfaces/reset_trackingResponse.h, /home/nvidia/workspace/LARC-2023/catkin_larc/devel/include/zed_interfaces/reset_trackingResponse.h)
Linked: (/home/nvidia/workspace/LARC-2023/catkin_larc/devel/.private/zed_interfaces/include/zed_interfaces/Skeleton2D.h, /home/nvidia/workspace/LARC-2023/catkin_larc/devel/include/zed_interfaces/Skeleton2D.h)
Linked: (/home/nvidia/workspace/LARC-2023/catkin_larc/devel/.private/zed_interfaces/include/zed_interfaces/stop_object_detection.h, /home/nvidia/workspace/LARC-2023/catkin_larc/devel/include/zed_interfaces/stop_object_detection.h)
Linked: (/home/nvidia/workspace/LARC-2023/catkin_larc/devel/.private/zed_interfaces/include/zed_interfaces/stop_svo_recording.h, /home/nvidia/workspace/LARC-2023/catkin_larc/devel/include/zed_interfaces/stop_svo_recording.h)
Linked: (/home/nvidia/workspace/LARC-2023/catkin_larc/devel/.private/zed_interfaces/include/zed_interfaces/RGBDSensors.h, /home/nvidia/workspace/LARC-2023/catkin_larc/devel/include/zed_interfaces/RGBDSensors.h)
Linked: (/home/nvidia/workspace/LARC-2023/catkin_larc/devel/.private/zed_interfaces/share/zed_interfaces/cmake/zed_interfaces-msg-extras.cmake, /home/nvidia/workspace/LARC-2023/catkin_larc/devel/share/zed_interfaces/cmake/zed_interfaces-msg-extras.cmake)
Linked: (/home/nvidia/workspace/LARC-2023/catkin_larc/devel/.private/zed_interfaces/share/zed_interfaces/cmake/zed_interfacesConfig-version.cmake, /home/nvidia/workspace/LARC-2023/catkin_larc/devel/share/zed_interfaces/cmake/zed_interfacesConfig-version.cmake)
Linked: (/home/nvidia/workspace/LARC-2023/catkin_larc/devel/.private/zed_interfaces/share/zed_interfaces/cmake/zed_interfaces-msg-paths.cmake, /home/nvidia/workspace/LARC-2023/catkin_larc/devel/share/zed_interfaces/cmake/zed_interfaces-msg-paths.cmake)
Linked: (/home/nvidia/workspace/LARC-2023/catkin_larc/devel/.private/zed_interfaces/share/zed_interfaces/cmake/zed_interfacesConfig.cmake, /home/nvidia/workspace/LARC-2023/catkin_larc/devel/share/zed_interfaces/cmake/zed_interfacesConfig.cmake)
Linked: (/home/nvidia/workspace/LARC-2023/catkin_larc/devel/.private/zed_interfaces/share/gennodejs/ros/zed_interfaces/_index.js, /home/nvidia/workspace/LARC-2023/catkin_larc/devel/share/gennodejs/ros/zed_interfaces/_index.js)
Linked: (/home/nvidia/workspace/LARC-2023/catkin_larc/devel/.private/zed_interfaces/share/gennodejs/ros/zed_interfaces/msg/Keypoint3D.js, /home/nvidia/workspace/LARC-2023/catkin_larc/devel/share/gennodejs/ros/zed_interfaces/msg/Keypoint3D.js)
Linked: (/home/nvidia/workspace/LARC-2023/catkin_larc/devel/.private/zed_interfaces/share/gennodejs/ros/zed_interfaces/msg/Keypoint2Df.js, /home/nvidia/workspace/LARC-2023/catkin_larc/devel/share/gennodejs/ros/zed_interfaces/msg/Keypoint2Df.js)
Linked: (/home/nvidia/workspace/LARC-2023/catkin_larc/devel/.private/zed_interfaces/share/gennodejs/ros/zed_interfaces/msg/Skeleton2D.js, /home/nvidia/workspace/LARC-2023/catkin_larc/devel/share/gennodejs/ros/zed_interfaces/msg/Skeleton2D.js)
Linked: (/home/nvidia/workspace/LARC-2023/catkin_larc/devel/.private/zed_interfaces/share/gennodejs/ros/zed_interfaces/msg/BoundingBox2Df.js, /home/nvidia/workspace/LARC-2023/catkin_larc/devel/share/gennodejs/ros/zed_interfaces/msg/BoundingBox2Df.js)
Linked: (/home/nvidia/workspace/LARC-2023/catkin_larc/devel/.private/zed_interfaces/share/gennodejs/ros/zed_interfaces/msg/Skeleton3D.js, /home/nvidia/workspace/LARC-2023/catkin_larc/devel/share/gennodejs/ros/zed_interfaces/msg/Skeleton3D.js)
Linked: (/home/nvidia/workspace/LARC-2023/catkin_larc/devel/.private/zed_interfaces/share/gennodejs/ros/zed_interfaces/msg/Object.js, /home/nvidia/workspace/LARC-2023/catkin_larc/devel/share/gennodejs/ros/zed_interfaces/msg/Object.js)
Linked: (/home/nvidia/workspace/LARC-2023/catkin_larc/devel/.private/zed_interfaces/share/gennodejs/ros/zed_interfaces/msg/BoundingBox3D.js, /home/nvidia/workspace/LARC-2023/catkin_larc/devel/share/gennodejs/ros/zed_interfaces/msg/BoundingBox3D.js)
Linked: (/home/nvidia/workspace/LARC-2023/catkin_larc/devel/.private/zed_interfaces/share/gennodejs/ros/zed_interfaces/msg/BoundingBox2Di.js, /home/nvidia/workspace/LARC-2023/catkin_larc/devel/share/gennodejs/ros/zed_interfaces/msg/BoundingBox2Di.js)
Linked: (/home/nvidia/workspace/LARC-2023/catkin_larc/devel/.private/zed_interfaces/share/gennodejs/ros/zed_interfaces/msg/Keypoint2Di.js, /home/nvidia/workspace/LARC-2023/catkin_larc/devel/share/gennodejs/ros/zed_interfaces/msg/Keypoint2Di.js)
Linked: (/home/nvidia/workspace/LARC-2023/catkin_larc/devel/.private/zed_interfaces/share/gennodejs/ros/zed_interfaces/msg/RGBDSensors.js, /home/nvidia/workspace/LARC-2023/catkin_larc/devel/share/gennodejs/ros/zed_interfaces/msg/RGBDSensors.js)
Linked: (/home/nvidia/workspace/LARC-2023/catkin_larc/devel/.private/zed_interfaces/share/gennodejs/ros/zed_interfaces/msg/ObjectsStamped.js, /home/nvidia/workspace/LARC-2023/catkin_larc/devel/share/gennodejs/ros/zed_interfaces/msg/ObjectsStamped.js)
Linked: (/home/nvidia/workspace/LARC-2023/catkin_larc/devel/.private/zed_interfaces/share/gennodejs/ros/zed_interfaces/msg/PlaneStamped.js, /home/nvidia/workspace/LARC-2023/catkin_larc/devel/share/gennodejs/ros/zed_interfaces/msg/PlaneStamped.js)
Linked: (/home/nvidia/workspace/LARC-2023/catkin_larc/devel/.private/zed_interfaces/share/gennodejs/ros/zed_interfaces/msg/_index.js, /home/nvidia/workspace/LARC-2023/catkin_larc/devel/share/gennodejs/ros/zed_interfaces/msg/_index.js)
Linked: (/home/nvidia/workspace/LARC-2023/catkin_larc/devel/.private/zed_interfaces/share/gennodejs/ros/zed_interfaces/srv/set_pose.js, /home/nvidia/workspace/LARC-2023/catkin_larc/devel/share/gennodejs/ros/zed_interfaces/srv/set_pose.js)
Linked: (/home/nvidia/workspace/LARC-2023/catkin_larc/devel/.private/zed_interfaces/share/gennodejs/ros/zed_interfaces/srv/start_remote_stream.js, /home/nvidia/workspace/LARC-2023/catkin_larc/devel/share/gennodejs/ros/zed_interfaces/srv/start_remote_stream.js)
Linked: (/home/nvidia/workspace/LARC-2023/catkin_larc/devel/.private/zed_interfaces/share/gennodejs/ros/zed_interfaces/srv/stop_remote_stream.js, /home/nvidia/workspace/LARC-2023/catkin_larc/devel/share/gennodejs/ros/zed_interfaces/srv/stop_remote_stream.js)
Linked: (/home/nvidia/workspace/LARC-2023/catkin_larc/devel/.private/zed_interfaces/share/gennodejs/ros/zed_interfaces/srv/stop_3d_mapping.js, /home/nvidia/workspace/LARC-2023/catkin_larc/devel/share/gennodejs/ros/zed_interfaces/srv/stop_3d_mapping.js)
Linked: (/home/nvidia/workspace/LARC-2023/catkin_larc/devel/.private/zed_interfaces/share/gennodejs/ros/zed_interfaces/srv/save_3d_map.js, /home/nvidia/workspace/LARC-2023/catkin_larc/devel/share/gennodejs/ros/zed_interfaces/srv/save_3d_map.js)
Linked: (/home/nvidia/workspace/LARC-2023/catkin_larc/devel/.private/zed_interfaces/share/gennodejs/ros/zed_interfaces/srv/toggle_led.js, /home/nvidia/workspace/LARC-2023/catkin_larc/devel/share/gennodejs/ros/zed_interfaces/srv/toggle_led.js)
Linked: (/home/nvidia/workspace/LARC-2023/catkin_larc/devel/.private/zed_interfaces/share/gennodejs/ros/zed_interfaces/srv/stop_svo_recording.js, /home/nvidia/workspace/LARC-2023/catkin_larc/devel/share/gennodejs/ros/zed_interfaces/srv/stop_svo_recording.js)
Linked: (/home/nvidia/workspace/LARC-2023/catkin_larc/devel/.private/zed_interfaces/share/gennodejs/ros/zed_interfaces/srv/start_object_detection.js, /home/nvidia/workspace/LARC-2023/catkin_larc/devel/share/gennodejs/ros/zed_interfaces/srv/start_object_detection.js)
Linked: (/home/nvidia/workspace/LARC-2023/catkin_larc/devel/.private/zed_interfaces/share/gennodejs/ros/zed_interfaces/srv/stop_object_detection.js, /home/nvidia/workspace/LARC-2023/catkin_larc/devel/share/gennodejs/ros/zed_interfaces/srv/stop_object_detection.js)
Linked: (/home/nvidia/workspace/LARC-2023/catkin_larc/devel/.private/zed_interfaces/share/gennodejs/ros/zed_interfaces/srv/reset_odometry.js, /home/nvidia/workspace/LARC-2023/catkin_larc/devel/share/gennodejs/ros/zed_interfaces/srv/reset_odometry.js)
Linked: (/home/nvidia/workspace/LARC-2023/catkin_larc/devel/.private/zed_interfaces/share/gennodejs/ros/zed_interfaces/srv/save_area_memory.js, /home/nvidia/workspace/LARC-2023/catkin_larc/devel/share/gennodejs/ros/zed_interfaces/srv/save_area_memory.js)
Linked: (/home/nvidia/workspace/LARC-2023/catkin_larc/devel/.private/zed_interfaces/share/gennodejs/ros/zed_interfaces/srv/set_led_status.js, /home/nvidia/workspace/LARC-2023/catkin_larc/devel/share/gennodejs/ros/zed_interfaces/srv/set_led_status.js)
Linked: (/home/nvidia/workspace/LARC-2023/catkin_larc/devel/.private/zed_interfaces/share/gennodejs/ros/zed_interfaces/srv/reset_tracking.js, /home/nvidia/workspace/LARC-2023/catkin_larc/devel/share/gennodejs/ros/zed_interfaces/srv/reset_tracking.js)
Linked: (/home/nvidia/workspace/LARC-2023/catkin_larc/devel/.private/zed_interfaces/share/gennodejs/ros/zed_interfaces/srv/start_3d_mapping.js, /home/nvidia/workspace/LARC-2023/catkin_larc/devel/share/gennodejs/ros/zed_interfaces/srv/start_3d_mapping.js)
Linked: (/home/nvidia/workspace/LARC-2023/catkin_larc/devel/.private/zed_interfaces/share/gennodejs/ros/zed_interfaces/srv/start_svo_recording.js, /home/nvidia/workspace/LARC-2023/catkin_larc/devel/share/gennodejs/ros/zed_interfaces/srv/start_svo_recording.js)
Linked: (/home/nvidia/workspace/LARC-2023/catkin_larc/devel/.private/zed_interfaces/share/gennodejs/ros/zed_interfaces/srv/_index.js, /home/nvidia/workspace/LARC-2023/catkin_larc/devel/share/gennodejs/ros/zed_interfaces/srv/_index.js)
Linked: (/home/nvidia/workspace/LARC-2023/catkin_larc/devel/.private/zed_interfaces/share/roseus/ros/zed_interfaces/manifest.l, /home/nvidia/workspace/LARC-2023/catkin_larc/devel/share/roseus/ros/zed_interfaces/manifest.l)
Linked: (/home/nvidia/workspace/LARC-2023/catkin_larc/devel/.private/zed_interfaces/share/roseus/ros/zed_interfaces/msg/BoundingBox2Df.l, /home/nvidia/workspace/LARC-2023/catkin_larc/devel/share/roseus/ros/zed_interfaces/msg/BoundingBox2Df.l)
Linked: (/home/nvidia/workspace/LARC-2023/catkin_larc/devel/.private/zed_interfaces/share/roseus/ros/zed_interfaces/msg/Keypoint3D.l, /home/nvidia/workspace/LARC-2023/catkin_larc/devel/share/roseus/ros/zed_interfaces/msg/Keypoint3D.l)
Linked: (/home/nvidia/workspace/LARC-2023/catkin_larc/devel/.private/zed_interfaces/share/roseus/ros/zed_interfaces/msg/Keypoint2Df.l, /home/nvidia/workspace/LARC-2023/catkin_larc/devel/share/roseus/ros/zed_interfaces/msg/Keypoint2Df.l)
Linked: (/home/nvidia/workspace/LARC-2023/catkin_larc/devel/.private/zed_interfaces/share/roseus/ros/zed_interfaces/msg/Keypoint2Di.l, /home/nvidia/workspace/LARC-2023/catkin_larc/devel/share/roseus/ros/zed_interfaces/msg/Keypoint2Di.l)
Linked: (/home/nvidia/workspace/LARC-2023/catkin_larc/devel/.private/zed_interfaces/share/roseus/ros/zed_interfaces/msg/ObjectsStamped.l, /home/nvidia/workspace/LARC-2023/catkin_larc/devel/share/roseus/ros/zed_interfaces/msg/ObjectsStamped.l)
Linked: (/home/nvidia/workspace/LARC-2023/catkin_larc/devel/.private/zed_interfaces/share/roseus/ros/zed_interfaces/msg/PlaneStamped.l, /home/nvidia/workspace/LARC-2023/catkin_larc/devel/share/roseus/ros/zed_interfaces/msg/PlaneStamped.l)
Linked: (/home/nvidia/workspace/LARC-2023/catkin_larc/devel/.private/zed_interfaces/share/roseus/ros/zed_interfaces/msg/Skeleton3D.l, /home/nvidia/workspace/LARC-2023/catkin_larc/devel/share/roseus/ros/zed_interfaces/msg/Skeleton3D.l)
Linked: (/home/nvidia/workspace/LARC-2023/catkin_larc/devel/.private/zed_interfaces/share/roseus/ros/zed_interfaces/msg/Object.l, /home/nvidia/workspace/LARC-2023/catkin_larc/devel/share/roseus/ros/zed_interfaces/msg/Object.l)
Linked: (/home/nvidia/workspace/LARC-2023/catkin_larc/devel/.private/zed_interfaces/share/roseus/ros/zed_interfaces/msg/RGBDSensors.l, /home/nvidia/workspace/LARC-2023/catkin_larc/devel/share/roseus/ros/zed_interfaces/msg/RGBDSensors.l)
Linked: (/home/nvidia/workspace/LARC-2023/catkin_larc/devel/.private/zed_interfaces/share/roseus/ros/zed_interfaces/msg/BoundingBox3D.l, /home/nvidia/workspace/LARC-2023/catkin_larc/devel/share/roseus/ros/zed_interfaces/msg/BoundingBox3D.l)
Linked: (/home/nvidia/workspace/LARC-2023/catkin_larc/devel/.private/zed_interfaces/share/roseus/ros/zed_interfaces/msg/BoundingBox2Di.l, /home/nvidia/workspace/LARC-2023/catkin_larc/devel/share/roseus/ros/zed_interfaces/msg/BoundingBox2Di.l)
Linked: (/home/nvidia/workspace/LARC-2023/catkin_larc/devel/.private/zed_interfaces/share/roseus/ros/zed_interfaces/msg/Skeleton2D.l, /home/nvidia/workspace/LARC-2023/catkin_larc/devel/share/roseus/ros/zed_interfaces/msg/Skeleton2D.l)
Linked: (/home/nvidia/workspace/LARC-2023/catkin_larc/devel/.private/zed_interfaces/share/roseus/ros/zed_interfaces/srv/start_3d_mapping.l, /home/nvidia/workspace/LARC-2023/catkin_larc/devel/share/roseus/ros/zed_interfaces/srv/start_3d_mapping.l)
Linked: (/home/nvidia/workspace/LARC-2023/catkin_larc/devel/.private/zed_interfaces/share/roseus/ros/zed_interfaces/srv/reset_tracking.l, /home/nvidia/workspace/LARC-2023/catkin_larc/devel/share/roseus/ros/zed_interfaces/srv/reset_tracking.l)
Linked: (/home/nvidia/workspace/LARC-2023/catkin_larc/devel/.private/zed_interfaces/share/roseus/ros/zed_interfaces/srv/stop_svo_recording.l, /home/nvidia/workspace/LARC-2023/catkin_larc/devel/share/roseus/ros/zed_interfaces/srv/stop_svo_recording.l)
Linked: (/home/nvidia/workspace/LARC-2023/catkin_larc/devel/.private/zed_interfaces/share/roseus/ros/zed_interfaces/srv/save_3d_map.l, /home/nvidia/workspace/LARC-2023/catkin_larc/devel/share/roseus/ros/zed_interfaces/srv/save_3d_map.l)
Linked: (/home/nvidia/workspace/LARC-2023/catkin_larc/devel/.private/zed_interfaces/share/roseus/ros/zed_interfaces/srv/start_svo_recording.l, /home/nvidia/workspace/LARC-2023/catkin_larc/devel/share/roseus/ros/zed_interfaces/srv/start_svo_recording.l)
Linked: (/home/nvidia/workspace/LARC-2023/catkin_larc/devel/.private/zed_interfaces/share/roseus/ros/zed_interfaces/srv/set_led_status.l, /home/nvidia/workspace/LARC-2023/catkin_larc/devel/share/roseus/ros/zed_interfaces/srv/set_led_status.l)
Linked: (/home/nvidia/workspace/LARC-2023/catkin_larc/devel/.private/zed_interfaces/share/roseus/ros/zed_interfaces/srv/start_remote_stream.l, /home/nvidia/workspace/LARC-2023/catkin_larc/devel/share/roseus/ros/zed_interfaces/srv/start_remote_stream.l)
Linked: (/home/nvidia/workspace/LARC-2023/catkin_larc/devel/.private/zed_interfaces/share/roseus/ros/zed_interfaces/srv/stop_object_detection.l, /home/nvidia/workspace/LARC-2023/catkin_larc/devel/share/roseus/ros/zed_interfaces/srv/stop_object_detection.l)
Linked: (/home/nvidia/workspace/LARC-2023/catkin_larc/devel/.private/zed_interfaces/share/roseus/ros/zed_interfaces/srv/stop_remote_stream.l, /home/nvidia/workspace/LARC-2023/catkin_larc/devel/share/roseus/ros/zed_interfaces/srv/stop_remote_stream.l)
Linked: (/home/nvidia/workspace/LARC-2023/catkin_larc/devel/.private/zed_interfaces/share/roseus/ros/zed_interfaces/srv/reset_odometry.l, /home/nvidia/workspace/LARC-2023/catkin_larc/devel/share/roseus/ros/zed_interfaces/srv/reset_odometry.l)
Linked: (/home/nvidia/workspace/LARC-2023/catkin_larc/devel/.private/zed_interfaces/share/roseus/ros/zed_interfaces/srv/set_pose.l, /home/nvidia/workspace/LARC-2023/catkin_larc/devel/share/roseus/ros/zed_interfaces/srv/set_pose.l)
Linked: (/home/nvidia/workspace/LARC-2023/catkin_larc/devel/.private/zed_interfaces/share/roseus/ros/zed_interfaces/srv/save_area_memory.l, /home/nvidia/workspace/LARC-2023/catkin_larc/devel/share/roseus/ros/zed_interfaces/srv/save_area_memory.l)
Linked: (/home/nvidia/workspace/LARC-2023/catkin_larc/devel/.private/zed_interfaces/share/roseus/ros/zed_interfaces/srv/toggle_led.l, /home/nvidia/workspace/LARC-2023/catkin_larc/devel/share/roseus/ros/zed_interfaces/srv/toggle_led.l)
Linked: (/home/nvidia/workspace/LARC-2023/catkin_larc/devel/.private/zed_interfaces/share/roseus/ros/zed_interfaces/srv/start_object_detection.l, /home/nvidia/workspace/LARC-2023/catkin_larc/devel/share/roseus/ros/zed_interfaces/srv/start_object_detection.l)
Linked: (/home/nvidia/workspace/LARC-2023/catkin_larc/devel/.private/zed_interfaces/share/roseus/ros/zed_interfaces/srv/stop_3d_mapping.l, /home/nvidia/workspace/LARC-2023/catkin_larc/devel/share/roseus/ros/zed_interfaces/srv/stop_3d_mapping.l)
Linked: (/home/nvidia/workspace/LARC-2023/catkin_larc/devel/.private/zed_interfaces/share/common-lisp/ros/zed_interfaces/msg/_package_BoundingBox2Df.lisp, /home/nvidia/workspace/LARC-2023/catkin_larc/devel/share/common-lisp/ros/zed_interfaces/msg/_package_BoundingBox2Df.lisp)
Linked: (/home/nvidia/workspace/LARC-2023/catkin_larc/devel/.private/zed_interfaces/share/common-lisp/ros/zed_interfaces/msg/_package_BoundingBox2Di.lisp, /home/nvidia/workspace/LARC-2023/catkin_larc/devel/share/common-lisp/ros/zed_interfaces/msg/_package_BoundingBox2Di.lisp)
Linked: (/home/nvidia/workspace/LARC-2023/catkin_larc/devel/.private/zed_interfaces/share/common-lisp/ros/zed_interfaces/msg/Keypoint2Df.lisp, /home/nvidia/workspace/LARC-2023/catkin_larc/devel/share/common-lisp/ros/zed_interfaces/msg/Keypoint2Df.lisp)
Linked: (/home/nvidia/workspace/LARC-2023/catkin_larc/devel/.private/zed_interfaces/share/common-lisp/ros/zed_interfaces/msg/RGBDSensors.lisp, /home/nvidia/workspace/LARC-2023/catkin_larc/devel/share/common-lisp/ros/zed_interfaces/msg/RGBDSensors.lisp)
Linked: (/home/nvidia/workspace/LARC-2023/catkin_larc/devel/.private/zed_interfaces/share/common-lisp/ros/zed_interfaces/msg/_package.lisp, /home/nvidia/workspace/LARC-2023/catkin_larc/devel/share/common-lisp/ros/zed_interfaces/msg/_package.lisp)
Linked: (/home/nvidia/workspace/LARC-2023/catkin_larc/devel/.private/zed_interfaces/share/common-lisp/ros/zed_interfaces/msg/_package_RGBDSensors.lisp, /home/nvidia/workspace/LARC-2023/catkin_larc/devel/share/common-lisp/ros/zed_interfaces/msg/_package_RGBDSensors.lisp)
Linked: (/home/nvidia/workspace/LARC-2023/catkin_larc/devel/.private/zed_interfaces/share/common-lisp/ros/zed_interfaces/msg/zed_interfaces-msg.asd, /home/nvidia/workspace/LARC-2023/catkin_larc/devel/share/common-lisp/ros/zed_interfaces/msg/zed_interfaces-msg.asd)
Linked: (/home/nvidia/workspace/LARC-2023/catkin_larc/devel/.private/zed_interfaces/share/common-lisp/ros/zed_interfaces/msg/BoundingBox2Df.lisp, /home/nvidia/workspace/LARC-2023/catkin_larc/devel/share/common-lisp/ros/zed_interfaces/msg/BoundingBox2Df.lisp)
Linked: (/home/nvidia/workspace/LARC-2023/catkin_larc/devel/.private/zed_interfaces/share/common-lisp/ros/zed_interfaces/msg/PlaneStamped.lisp, /home/nvidia/workspace/LARC-2023/catkin_larc/devel/share/common-lisp/ros/zed_interfaces/msg/PlaneStamped.lisp)
Linked: (/home/nvidia/workspace/LARC-2023/catkin_larc/devel/.private/zed_interfaces/share/common-lisp/ros/zed_interfaces/msg/Keypoint2Di.lisp, /home/nvidia/workspace/LARC-2023/catkin_larc/devel/share/common-lisp/ros/zed_interfaces/msg/Keypoint2Di.lisp)
Linked: (/home/nvidia/workspace/LARC-2023/catkin_larc/devel/.private/zed_interfaces/share/common-lisp/ros/zed_interfaces/msg/Skeleton3D.lisp, /home/nvidia/workspace/LARC-2023/catkin_larc/devel/share/common-lisp/ros/zed_interfaces/msg/Skeleton3D.lisp)
Linked: (/home/nvidia/workspace/LARC-2023/catkin_larc/devel/.private/zed_interfaces/share/common-lisp/ros/zed_interfaces/msg/ObjectsStamped.lisp, /home/nvidia/workspace/LARC-2023/catkin_larc/devel/share/common-lisp/ros/zed_interfaces/msg/ObjectsStamped.lisp)
Linked: (/home/nvidia/workspace/LARC-2023/catkin_larc/devel/.private/zed_interfaces/share/common-lisp/ros/zed_interfaces/msg/BoundingBox3D.lisp, /home/nvidia/workspace/LARC-2023/catkin_larc/devel/share/common-lisp/ros/zed_interfaces/msg/BoundingBox3D.lisp)
Linked: (/home/nvidia/workspace/LARC-2023/catkin_larc/devel/.private/zed_interfaces/share/common-lisp/ros/zed_interfaces/msg/_package_ObjectsStamped.lisp, /home/nvidia/workspace/LARC-2023/catkin_larc/devel/share/common-lisp/ros/zed_interfaces/msg/_package_ObjectsStamped.lisp)
Linked: (/home/nvidia/workspace/LARC-2023/catkin_larc/devel/.private/zed_interfaces/share/common-lisp/ros/zed_interfaces/msg/_package_BoundingBox3D.lisp, /home/nvidia/workspace/LARC-2023/catkin_larc/devel/share/common-lisp/ros/zed_interfaces/msg/_package_BoundingBox3D.lisp)
Linked: (/home/nvidia/workspace/LARC-2023/catkin_larc/devel/.private/zed_interfaces/share/common-lisp/ros/zed_interfaces/msg/_package_Object.lisp, /home/nvidia/workspace/LARC-2023/catkin_larc/devel/share/common-lisp/ros/zed_interfaces/msg/_package_Object.lisp)
Linked: (/home/nvidia/workspace/LARC-2023/catkin_larc/devel/.private/zed_interfaces/share/common-lisp/ros/zed_interfaces/msg/_package_Keypoint3D.lisp, /home/nvidia/workspace/LARC-2023/catkin_larc/devel/share/common-lisp/ros/zed_interfaces/msg/_package_Keypoint3D.lisp)
Linked: (/home/nvidia/workspace/LARC-2023/catkin_larc/devel/.private/zed_interfaces/share/common-lisp/ros/zed_interfaces/msg/Object.lisp, /home/nvidia/workspace/LARC-2023/catkin_larc/devel/share/common-lisp/ros/zed_interfaces/msg/Object.lisp)
Linked: (/home/nvidia/workspace/LARC-2023/catkin_larc/devel/.private/zed_interfaces/share/common-lisp/ros/zed_interfaces/msg/_package_Skeleton3D.lisp, /home/nvidia/workspace/LARC-2023/catkin_larc/devel/share/common-lisp/ros/zed_interfaces/msg/_package_Skeleton3D.lisp)
Linked: (/home/nvidia/workspace/LARC-2023/catkin_larc/devel/.private/zed_interfaces/share/common-lisp/ros/zed_interfaces/msg/Keypoint3D.lisp, /home/nvidia/workspace/LARC-2023/catkin_larc/devel/share/common-lisp/ros/zed_interfaces/msg/Keypoint3D.lisp)
Linked: (/home/nvidia/workspace/LARC-2023/catkin_larc/devel/.private/zed_interfaces/share/common-lisp/ros/zed_interfaces/msg/_package_Keypoint2Df.lisp, /home/nvidia/workspace/LARC-2023/catkin_larc/devel/share/common-lisp/ros/zed_interfaces/msg/_package_Keypoint2Df.lisp)
Linked: (/home/nvidia/workspace/LARC-2023/catkin_larc/devel/.private/zed_interfaces/share/common-lisp/ros/zed_interfaces/msg/_package_Keypoint2Di.lisp, /home/nvidia/workspace/LARC-2023/catkin_larc/devel/share/common-lisp/ros/zed_interfaces/msg/_package_Keypoint2Di.lisp)
Linked: (/home/nvidia/workspace/LARC-2023/catkin_larc/devel/.private/zed_interfaces/share/common-lisp/ros/zed_interfaces/msg/Skeleton2D.lisp, /home/nvidia/workspace/LARC-2023/catkin_larc/devel/share/common-lisp/ros/zed_interfaces/msg/Skeleton2D.lisp)
Linked: (/home/nvidia/workspace/LARC-2023/catkin_larc/devel/.private/zed_interfaces/share/common-lisp/ros/zed_interfaces/msg/_package_Skeleton2D.lisp, /home/nvidia/workspace/LARC-2023/catkin_larc/devel/share/common-lisp/ros/zed_interfaces/msg/_package_Skeleton2D.lisp)
Linked: (/home/nvidia/workspace/LARC-2023/catkin_larc/devel/.private/zed_interfaces/share/common-lisp/ros/zed_interfaces/msg/_package_PlaneStamped.lisp, /home/nvidia/workspace/LARC-2023/catkin_larc/devel/share/common-lisp/ros/zed_interfaces/msg/_package_PlaneStamped.lisp)
Linked: (/home/nvidia/workspace/LARC-2023/catkin_larc/devel/.private/zed_interfaces/share/common-lisp/ros/zed_interfaces/msg/BoundingBox2Di.lisp, /home/nvidia/workspace/LARC-2023/catkin_larc/devel/share/common-lisp/ros/zed_interfaces/msg/BoundingBox2Di.lisp)
Linked: (/home/nvidia/workspace/LARC-2023/catkin_larc/devel/.private/zed_interfaces/share/common-lisp/ros/zed_interfaces/srv/_package_save_3d_map.lisp, /home/nvidia/workspace/LARC-2023/catkin_larc/devel/share/common-lisp/ros/zed_interfaces/srv/_package_save_3d_map.lisp)
Linked: (/home/nvidia/workspace/LARC-2023/catkin_larc/devel/.private/zed_interfaces/share/common-lisp/ros/zed_interfaces/srv/stop_svo_recording.lisp, /home/nvidia/workspace/LARC-2023/catkin_larc/devel/share/common-lisp/ros/zed_interfaces/srv/stop_svo_recording.lisp)
Linked: (/home/nvidia/workspace/LARC-2023/catkin_larc/devel/.private/zed_interfaces/share/common-lisp/ros/zed_interfaces/srv/_package_reset_tracking.lisp, /home/nvidia/workspace/LARC-2023/catkin_larc/devel/share/common-lisp/ros/zed_interfaces/srv/_package_reset_tracking.lisp)
Linked: (/home/nvidia/workspace/LARC-2023/catkin_larc/devel/.private/zed_interfaces/share/common-lisp/ros/zed_interfaces/srv/_package_stop_svo_recording.lisp, /home/nvidia/workspace/LARC-2023/catkin_larc/devel/share/common-lisp/ros/zed_interfaces/srv/_package_stop_svo_recording.lisp)
Linked: (/home/nvidia/workspace/LARC-2023/catkin_larc/devel/.private/zed_interfaces/share/common-lisp/ros/zed_interfaces/srv/_package_reset_odometry.lisp, /home/nvidia/workspace/LARC-2023/catkin_larc/devel/share/common-lisp/ros/zed_interfaces/srv/_package_reset_odometry.lisp)
Linked: (/home/nvidia/workspace/LARC-2023/catkin_larc/devel/.private/zed_interfaces/share/common-lisp/ros/zed_interfaces/srv/_package_save_area_memory.lisp, /home/nvidia/workspace/LARC-2023/catkin_larc/devel/share/common-lisp/ros/zed_interfaces/srv/_package_save_area_memory.lisp)
Linked: (/home/nvidia/workspace/LARC-2023/catkin_larc/devel/.private/zed_interfaces/share/common-lisp/ros/zed_interfaces/srv/_package_stop_object_detection.lisp, /home/nvidia/workspace/LARC-2023/catkin_larc/devel/share/common-lisp/ros/zed_interfaces/srv/_package_stop_object_detection.lisp)
Linked: (/home/nvidia/workspace/LARC-2023/catkin_larc/devel/.private/zed_interfaces/share/common-lisp/ros/zed_interfaces/srv/save_3d_map.lisp, /home/nvidia/workspace/LARC-2023/catkin_larc/devel/share/common-lisp/ros/zed_interfaces/srv/save_3d_map.lisp)
Linked: (/home/nvidia/workspace/LARC-2023/catkin_larc/devel/.private/zed_interfaces/share/common-lisp/ros/zed_interfaces/srv/_package_start_remote_stream.lisp, /home/nvidia/workspace/LARC-2023/catkin_larc/devel/share/common-lisp/ros/zed_interfaces/srv/_package_start_remote_stream.lisp)
Linked: (/home/nvidia/workspace/LARC-2023/catkin_larc/devel/.private/zed_interfaces/share/common-lisp/ros/zed_interfaces/srv/zed_interfaces-srv.asd, /home/nvidia/workspace/LARC-2023/catkin_larc/devel/share/common-lisp/ros/zed_interfaces/srv/zed_interfaces-srv.asd)
Linked: (/home/nvidia/workspace/LARC-2023/catkin_larc/devel/.private/zed_interfaces/share/common-lisp/ros/zed_interfaces/srv/_package.lisp, /home/nvidia/workspace/LARC-2023/catkin_larc/devel/share/common-lisp/ros/zed_interfaces/srv/_package.lisp)
Linked: (/home/nvidia/workspace/LARC-2023/catkin_larc/devel/.private/zed_interfaces/share/common-lisp/ros/zed_interfaces/srv/set_pose.lisp, /home/nvidia/workspace/LARC-2023/catkin_larc/devel/share/common-lisp/ros/zed_interfaces/srv/set_pose.lisp)
Linked: (/home/nvidia/workspace/LARC-2023/catkin_larc/devel/.private/zed_interfaces/share/common-lisp/ros/zed_interfaces/srv/reset_tracking.lisp, /home/nvidia/workspace/LARC-2023/catkin_larc/devel/share/common-lisp/ros/zed_interfaces/srv/reset_tracking.lisp)
Linked: (/home/nvidia/workspace/LARC-2023/catkin_larc/devel/.private/zed_interfaces/share/common-lisp/ros/zed_interfaces/srv/_package_toggle_led.lisp, /home/nvidia/workspace/LARC-2023/catkin_larc/devel/share/common-lisp/ros/zed_interfaces/srv/_package_toggle_led.lisp)
Linked: (/home/nvidia/workspace/LARC-2023/catkin_larc/devel/.private/zed_interfaces/share/common-lisp/ros/zed_interfaces/srv/reset_odometry.lisp, /home/nvidia/workspace/LARC-2023/catkin_larc/devel/share/common-lisp/ros/zed_interfaces/srv/reset_odometry.lisp)
Linked: (/home/nvidia/workspace/LARC-2023/catkin_larc/devel/.private/zed_interfaces/share/common-lisp/ros/zed_interfaces/srv/save_area_memory.lisp, /home/nvidia/workspace/LARC-2023/catkin_larc/devel/share/common-lisp/ros/zed_interfaces/srv/save_area_memory.lisp)
Linked: (/home/nvidia/workspace/LARC-2023/catkin_larc/devel/.private/zed_interfaces/share/common-lisp/ros/zed_interfaces/srv/_package_set_led_status.lisp, /home/nvidia/workspace/LARC-2023/catkin_larc/devel/share/common-lisp/ros/zed_interfaces/srv/_package_set_led_status.lisp)
Linked: (/home/nvidia/workspace/LARC-2023/catkin_larc/devel/.private/zed_interfaces/share/common-lisp/ros/zed_interfaces/srv/_package_start_3d_mapping.lisp, /home/nvidia/workspace/LARC-2023/catkin_larc/devel/share/common-lisp/ros/zed_interfaces/srv/_package_start_3d_mapping.lisp)
Linked: (/home/nvidia/workspace/LARC-2023/catkin_larc/devel/.private/zed_interfaces/share/common-lisp/ros/zed_interfaces/srv/start_3d_mapping.lisp, /home/nvidia/workspace/LARC-2023/catkin_larc/devel/share/common-lisp/ros/zed_interfaces/srv/start_3d_mapping.lisp)
Linked: (/home/nvidia/workspace/LARC-2023/catkin_larc/devel/.private/zed_interfaces/share/common-lisp/ros/zed_interfaces/srv/_package_start_svo_recording.lisp, /home/nvidia/workspace/LARC-2023/catkin_larc/devel/share/common-lisp/ros/zed_interfaces/srv/_package_start_svo_recording.lisp)
Linked: (/home/nvidia/workspace/LARC-2023/catkin_larc/devel/.private/zed_interfaces/share/common-lisp/ros/zed_interfaces/srv/start_svo_recording.lisp, /home/nvidia/workspace/LARC-2023/catkin_larc/devel/share/common-lisp/ros/zed_interfaces/srv/start_svo_recording.lisp)
Linked: (/home/nvidia/workspace/LARC-2023/catkin_larc/devel/.private/zed_interfaces/share/common-lisp/ros/zed_interfaces/srv/_package_stop_3d_mapping.lisp, /home/nvidia/workspace/LARC-2023/catkin_larc/devel/share/common-lisp/ros/zed_interfaces/srv/_package_stop_3d_mapping.lisp)
Linked: (/home/nvidia/workspace/LARC-2023/catkin_larc/devel/.private/zed_interfaces/share/common-lisp/ros/zed_interfaces/srv/start_remote_stream.lisp, /home/nvidia/workspace/LARC-2023/catkin_larc/devel/share/common-lisp/ros/zed_interfaces/srv/start_remote_stream.lisp)
Linked: (/home/nvidia/workspace/LARC-2023/catkin_larc/devel/.private/zed_interfaces/share/common-lisp/ros/zed_interfaces/srv/toggle_led.lisp, /home/nvidia/workspace/LARC-2023/catkin_larc/devel/share/common-lisp/ros/zed_interfaces/srv/toggle_led.lisp)
Linked: (/home/nvidia/workspace/LARC-2023/catkin_larc/devel/.private/zed_interfaces/share/common-lisp/ros/zed_interfaces/srv/_package_start_object_detection.lisp, /home/nvidia/workspace/LARC-2023/catkin_larc/devel/share/common-lisp/ros/zed_interfaces/srv/_package_start_object_detection.lisp)
Linked: (/home/nvidia/workspace/LARC-2023/catkin_larc/devel/.private/zed_interfaces/share/common-lisp/ros/zed_interfaces/srv/_package_set_pose.lisp, /home/nvidia/workspace/LARC-2023/catkin_larc/devel/share/common-lisp/ros/zed_interfaces/srv/_package_set_pose.lisp)
Linked: (/home/nvidia/workspace/LARC-2023/catkin_larc/devel/.private/zed_interfaces/share/common-lisp/ros/zed_interfaces/srv/start_object_detection.lisp, /home/nvidia/workspace/LARC-2023/catkin_larc/devel/share/common-lisp/ros/zed_interfaces/srv/start_object_detection.lisp)
Linked: (/home/nvidia/workspace/LARC-2023/catkin_larc/devel/.private/zed_interfaces/share/common-lisp/ros/zed_interfaces/srv/stop_object_detection.lisp, /home/nvidia/workspace/LARC-2023/catkin_larc/devel/share/common-lisp/ros/zed_interfaces/srv/stop_object_detection.lisp)
Linked: (/home/nvidia/workspace/LARC-2023/catkin_larc/devel/.private/zed_interfaces/share/common-lisp/ros/zed_interfaces/srv/_package_stop_remote_stream.lisp, /home/nvidia/workspace/LARC-2023/catkin_larc/devel/share/common-lisp/ros/zed_interfaces/srv/_package_stop_remote_stream.lisp)
Linked: (/home/nvidia/workspace/LARC-2023/catkin_larc/devel/.private/zed_interfaces/share/common-lisp/ros/zed_interfaces/srv/set_led_status.lisp, /home/nvidia/workspace/LARC-2023/catkin_larc/devel/share/common-lisp/ros/zed_interfaces/srv/set_led_status.lisp)
Linked: (/home/nvidia/workspace/LARC-2023/catkin_larc/devel/.private/zed_interfaces/share/common-lisp/ros/zed_interfaces/srv/stop_remote_stream.lisp, /home/nvidia/workspace/LARC-2023/catkin_larc/devel/share/common-lisp/ros/zed_interfaces/srv/stop_remote_stream.lisp)
Linked: (/home/nvidia/workspace/LARC-2023/catkin_larc/devel/.private/zed_interfaces/share/common-lisp/ros/zed_interfaces/srv/stop_3d_mapping.lisp, /home/nvidia/workspace/LARC-2023/catkin_larc/devel/share/common-lisp/ros/zed_interfaces/srv/stop_3d_mapping.lisp)
Linked: (/home/nvidia/workspace/LARC-2023/catkin_larc/devel/.private/zed_interfaces/lib/pkgconfig/zed_interfaces.pc, /home/nvidia/workspace/LARC-2023/catkin_larc/devel/lib/pkgconfig/zed_interfaces.pc)
Linked: (/home/nvidia/workspace/LARC-2023/catkin_larc/devel/.private/zed_interfaces/lib/python3/dist-packages/zed_interfaces/__init__.py, /home/nvidia/workspace/LARC-2023/catkin_larc/devel/lib/python3/dist-packages/zed_interfaces/__init__.py)
Linked: (/home/nvidia/workspace/LARC-2023/catkin_larc/devel/.private/zed_interfaces/lib/python3/dist-packages/zed_interfaces/msg/_PlaneStamped.py, /home/nvidia/workspace/LARC-2023/catkin_larc/devel/lib/python3/dist-packages/zed_interfaces/msg/_PlaneStamped.py)
Linked: (/home/nvidia/workspace/LARC-2023/catkin_larc/devel/.private/zed_interfaces/lib/python3/dist-packages/zed_interfaces/msg/__init__.py, /home/nvidia/workspace/LARC-2023/catkin_larc/devel/lib/python3/dist-packages/zed_interfaces/msg/__init__.py)
Linked: (/home/nvidia/workspace/LARC-2023/catkin_larc/devel/.private/zed_interfaces/lib/python3/dist-packages/zed_interfaces/msg/_Skeleton3D.py, /home/nvidia/workspace/LARC-2023/catkin_larc/devel/lib/python3/dist-packages/zed_interfaces/msg/_Skeleton3D.py)
Linked: (/home/nvidia/workspace/LARC-2023/catkin_larc/devel/.private/zed_interfaces/lib/python3/dist-packages/zed_interfaces/msg/_RGBDSensors.py, /home/nvidia/workspace/LARC-2023/catkin_larc/devel/lib/python3/dist-packages/zed_interfaces/msg/_RGBDSensors.py)
Linked: (/home/nvidia/workspace/LARC-2023/catkin_larc/devel/.private/zed_interfaces/lib/python3/dist-packages/zed_interfaces/msg/_Skeleton2D.py, /home/nvidia/workspace/LARC-2023/catkin_larc/devel/lib/python3/dist-packages/zed_interfaces/msg/_Skeleton2D.py)
Linked: (/home/nvidia/workspace/LARC-2023/catkin_larc/devel/.private/zed_interfaces/lib/python3/dist-packages/zed_interfaces/msg/_Keypoint3D.py, /home/nvidia/workspace/LARC-2023/catkin_larc/devel/lib/python3/dist-packages/zed_interfaces/msg/_Keypoint3D.py)
Linked: (/home/nvidia/workspace/LARC-2023/catkin_larc/devel/.private/zed_interfaces/lib/python3/dist-packages/zed_interfaces/msg/_Object.py, /home/nvidia/workspace/LARC-2023/catkin_larc/devel/lib/python3/dist-packages/zed_interfaces/msg/_Object.py)
Linked: (/home/nvidia/workspace/LARC-2023/catkin_larc/devel/.private/zed_interfaces/lib/python3/dist-packages/zed_interfaces/msg/_Keypoint2Di.py, /home/nvidia/workspace/LARC-2023/catkin_larc/devel/lib/python3/dist-packages/zed_interfaces/msg/_Keypoint2Di.py)
Linked: (/home/nvidia/workspace/LARC-2023/catkin_larc/devel/.private/zed_interfaces/lib/python3/dist-packages/zed_interfaces/msg/_BoundingBox3D.py, /home/nvidia/workspace/LARC-2023/catkin_larc/devel/lib/python3/dist-packages/zed_interfaces/msg/_BoundingBox3D.py)
Linked: (/home/nvidia/workspace/LARC-2023/catkin_larc/devel/.private/zed_interfaces/lib/python3/dist-packages/zed_interfaces/msg/_BoundingBox2Df.py, /home/nvidia/workspace/LARC-2023/catkin_larc/devel/lib/python3/dist-packages/zed_interfaces/msg/_BoundingBox2Df.py)
Linked: (/home/nvidia/workspace/LARC-2023/catkin_larc/devel/.private/zed_interfaces/lib/python3/dist-packages/zed_interfaces/msg/_Keypoint2Df.py, /home/nvidia/workspace/LARC-2023/catkin_larc/devel/lib/python3/dist-packages/zed_interfaces/msg/_Keypoint2Df.py)
Linked: (/home/nvidia/workspace/LARC-2023/catkin_larc/devel/.private/zed_interfaces/lib/python3/dist-packages/zed_interfaces/msg/_ObjectsStamped.py, /home/nvidia/workspace/LARC-2023/catkin_larc/devel/lib/python3/dist-packages/zed_interfaces/msg/_ObjectsStamped.py)
Linked: (/home/nvidia/workspace/LARC-2023/catkin_larc/devel/.private/zed_interfaces/lib/python3/dist-packages/zed_interfaces/msg/_BoundingBox2Di.py, /home/nvidia/workspace/LARC-2023/catkin_larc/devel/lib/python3/dist-packages/zed_interfaces/msg/_BoundingBox2Di.py)
Linked: (/home/nvidia/workspace/LARC-2023/catkin_larc/devel/.private/zed_interfaces/lib/python3/dist-packages/zed_interfaces/srv/_start_3d_mapping.py, /home/nvidia/workspace/LARC-2023/catkin_larc/devel/lib/python3/dist-packages/zed_interfaces/srv/_start_3d_mapping.py)
Linked: (/home/nvidia/workspace/LARC-2023/catkin_larc/devel/.private/zed_interfaces/lib/python3/dist-packages/zed_interfaces/srv/__init__.py, /home/nvidia/workspace/LARC-2023/catkin_larc/devel/lib/python3/dist-packages/zed_interfaces/srv/__init__.py)
Linked: (/home/nvidia/workspace/LARC-2023/catkin_larc/devel/.private/zed_interfaces/lib/python3/dist-packages/zed_interfaces/srv/_start_object_detection.py, /home/nvidia/workspace/LARC-2023/catkin_larc/devel/lib/python3/dist-packages/zed_interfaces/srv/_start_object_detection.py)
Linked: (/home/nvidia/workspace/LARC-2023/catkin_larc/devel/.private/zed_interfaces/lib/python3/dist-packages/zed_interfaces/srv/_toggle_led.py, /home/nvidia/workspace/LARC-2023/catkin_larc/devel/lib/python3/dist-packages/zed_interfaces/srv/_toggle_led.py)
Linked: (/home/nvidia/workspace/LARC-2023/catkin_larc/devel/.private/zed_interfaces/lib/python3/dist-packages/zed_interfaces/srv/_save_3d_map.py, /home/nvidia/workspace/LARC-2023/catkin_larc/devel/lib/python3/dist-packages/zed_interfaces/srv/_save_3d_map.py)
Linked: (/home/nvidia/workspace/LARC-2023/catkin_larc/devel/.private/zed_interfaces/lib/python3/dist-packages/zed_interfaces/srv/_stop_3d_mapping.py, /home/nvidia/workspace/LARC-2023/catkin_larc/devel/lib/python3/dist-packages/zed_interfaces/srv/_stop_3d_mapping.py)
Linked: (/home/nvidia/workspace/LARC-2023/catkin_larc/devel/.private/zed_interfaces/lib/python3/dist-packages/zed_interfaces/srv/_stop_svo_recording.py, /home/nvidia/workspace/LARC-2023/catkin_larc/devel/lib/python3/dist-packages/zed_interfaces/srv/_stop_svo_recording.py)
Linked: (/home/nvidia/workspace/LARC-2023/catkin_larc/devel/.private/zed_interfaces/lib/python3/dist-packages/zed_interfaces/srv/_save_area_memory.py, /home/nvidia/workspace/LARC-2023/catkin_larc/devel/lib/python3/dist-packages/zed_interfaces/srv/_save_area_memory.py)
Linked: (/home/nvidia/workspace/LARC-2023/catkin_larc/devel/.private/zed_interfaces/lib/python3/dist-packages/zed_interfaces/srv/_start_svo_recording.py, /home/nvidia/workspace/LARC-2023/catkin_larc/devel/lib/python3/dist-packages/zed_interfaces/srv/_start_svo_recording.py)
Linked: (/home/nvidia/workspace/LARC-2023/catkin_larc/devel/.private/zed_interfaces/lib/python3/dist-packages/zed_interfaces/srv/_reset_odometry.py, /home/nvidia/workspace/LARC-2023/catkin_larc/devel/lib/python3/dist-packages/zed_interfaces/srv/_reset_odometry.py)
Linked: (/home/nvidia/workspace/LARC-2023/catkin_larc/devel/.private/zed_interfaces/lib/python3/dist-packages/zed_interfaces/srv/_stop_remote_stream.py, /home/nvidia/workspace/LARC-2023/catkin_larc/devel/lib/python3/dist-packages/zed_interfaces/srv/_stop_remote_stream.py)
Linked: (/home/nvidia/workspace/LARC-2023/catkin_larc/devel/.private/zed_interfaces/lib/python3/dist-packages/zed_interfaces/srv/_set_led_status.py, /home/nvidia/workspace/LARC-2023/catkin_larc/devel/lib/python3/dist-packages/zed_interfaces/srv/_set_led_status.py)
Linked: (/home/nvidia/workspace/LARC-2023/catkin_larc/devel/.private/zed_interfaces/lib/python3/dist-packages/zed_interfaces/srv/_reset_tracking.py, /home/nvidia/workspace/LARC-2023/catkin_larc/devel/lib/python3/dist-packages/zed_interfaces/srv/_reset_tracking.py)
Linked: (/home/nvidia/workspace/LARC-2023/catkin_larc/devel/.private/zed_interfaces/lib/python3/dist-packages/zed_interfaces/srv/_stop_object_detection.py, /home/nvidia/workspace/LARC-2023/catkin_larc/devel/lib/python3/dist-packages/zed_interfaces/srv/_stop_object_detection.py)
Linked: (/home/nvidia/workspace/LARC-2023/catkin_larc/devel/.private/zed_interfaces/lib/python3/dist-packages/zed_interfaces/srv/_set_pose.py, /home/nvidia/workspace/LARC-2023/catkin_larc/devel/lib/python3/dist-packages/zed_interfaces/srv/_set_pose.py)
Linked: (/home/nvidia/workspace/LARC-2023/catkin_larc/devel/.private/zed_interfaces/lib/python3/dist-packages/zed_interfaces/srv/_start_remote_stream.py, /home/nvidia/workspace/LARC-2023/catkin_larc/devel/lib/python3/dist-packages/zed_interfaces/srv/_start_remote_stream.py)
